

       QikProp v8.2 (rel118) - Properties Predictions for
               conf_0                                  

 Primary Metabolites & Reactive FGs:
 > Metabolism likely: benzylic-like H -> alcohol

 Principal Descriptors:                             (Range 95% of Drugs)
     Solute        Molecular Weight      =    92.140  ( 130.0 / 725.0)*
     Solute        Dipole Moment (D)     =     0.418  (   1.0 /  12.5)*
     Solute        Total        SASA     =   297.797  ( 300.0 /1000.0)*
     Solute        Hydrophobic  SASA     =    88.954  (   0.0 / 750.0) 
     Solute        Hydrophilic  SASA     =     0.000  (   7.0 / 330.0)*
     Solute        Carbon Pi    SASA     =   208.843  (   0.0 / 450.0) 
     Solute        Weakly Polar SASA     =     0.000  (   0.0 / 175.0) 
     Solute        Molecular Volume (A^3)=   439.570  ( 500.0 /2000.0)*
     Solute        vdW Polar SA (PSA)    =     0.000  (   7.0 / 200.0)*
     Solute        No. of Rotatable Bonds=     0.000  (   0.0 /  15.0) 
     Solute as Donor -    Hydrogen Bonds =     0.000  (   0.0 /   6.0) 
     Solute as Acceptor - Hydrogen Bonds =     0.000  (   2.0 /  20.0)*
     Solute Globularity   (Sphere = 1)   =     0.939  (  0.75 /  0.95) 
     Solute Ionization Potential (eV)    =     9.413  (   7.9 /  10.5) 
     Solute Electron Affinity    (eV)    =    -0.353  (  -0.9 /   1.7) 
 Predictions for Properties:
   QP Polarizability (Angstroms^3)       =    13.432  (  13.0 /  70.0) 
   QP log P  for     hexadecane/gas      =     3.872  (   4.0 /  18.0)*
   QP log P  for     octanol/gas         =     3.505  (   8.0 /  35.0)*
   QP log P  for     water/gas           =     0.955  (   4.0 /  45.0)*
   QP log P  for     octanol/water       =     2.730  (  -2.0 /   6.5) 
   QP log S  for   aqueous solubility    =    -2.218  (  -6.5 /   0.5) 
   QP log S - conformation independent   =    -2.392  (  -6.5 /   0.5) 
   QP log K hsa Serum Protein Binding    =    -0.106M (  -1.5 /   1.5) 
   QP log BB for     brain/blood         =     0.370  (  -3.0 /   1.2) 
   No. of Primary Metabolites            =         1  (   1.0 /   8.0) 
   Predicted CNS Activity (-- to ++)     =       + 
   HERG K+ Channel Blockage: log IC50    =    -3.517M (concern below -5)
   Apparent Caco-2 Permeability (nm/sec) =      9906  (<25 poor, >500 great)
   Apparent MDCK   Permeability (nm/sec) =      5899M (<25 poor, >500 great)
   QP log Kp for skin permeability       =    -0.784  (Kp in cm/hr)
   Jm, max transdermal transport rate    =    61.494  (micrograms/cm^2-hr)
   Lipinski Rule of 5 Violations         =         0  (maximum is 4)
   Jorgensen Rule of 3 Violations        =         0  (maximum is 3)
   % Human Oral Absorption in GI (+-20%) =       100  (<25% is poor)
   Qual. Model for Human Oral Absorption =      HIGH  (>80% is high)

       A * indicates a violation of the 95% range. # stars = 10
      An M indicates MW is outside training range.


       5 of   1712 molecules most similar to conf_0:
          Name                           Similarity(%)
Clomethiazole                                 87.66
Fomepizole                                    86.22
Methimazole                                   86.19
Pempidine                                     85.52
Phenylpropanol                                80.72

    QP Breakdown (< for descriptor over training max)
                log Po/w                    -log S
 H-bond Donor         0.000    H-bond Donor         0.000 
 H-bond Acceptor      0.000    H-bond Acceptor      0.000 
 Volume               5.203    SASA                 4.575 
 Ac x Dn^.5/SASA      0.000    Ac x Dn^.5/SASA      0.000 
 FISA                 0.000    Rotor Bonds          0.000 
 Non-con amines       0.000    N Protonation        0.000 
 Non-con amides       0.000    Non-con amides       0.000 
 WPSA & PISA          0.000    WPSA                 0.000 
 Constant            -2.623    Constant            -2.183 
 Total                2.580    Total                2.392


                log BB                    log PMDCK
 Hydrophilic SASA     0.000    Hydrophilic SASA     0.000 
 WPSA                 0.000    WPSA                 0.000 
 Rotor Bonds          0.000                         0.000 
 N Protonation        0.000    Non-con amines       0.000 
 FOSA                 0.178    COOH/SO3H acids      0.000 
 Constant             0.192    Constant             3.771
 Total                0.370    Total                3.771




       QikProp v8.2 (rel118) - Properties Predictions for
               conf_1                                  

 Primary Metabolites & Reactive FGs:
 > Metabolism likely: benzylic-like H -> alcohol

 Principal Descriptors:                             (Range 95% of Drugs)
     Solute        Molecular Weight      =    92.140  ( 130.0 / 725.0)*
     Solute        Dipole Moment (D)     =     0.418  (   1.0 /  12.5)*
     Solute        Total        SASA     =   297.796  ( 300.0 /1000.0)*
     Solute        Hydrophobic  SASA     =    88.953  (   0.0 / 750.0) 
     Solute        Hydrophilic  SASA     =     0.000  (   7.0 / 330.0)*
     Solute        Carbon Pi    SASA     =   208.843  (   0.0 / 450.0) 
     Solute        Weakly Polar SASA     =     0.000  (   0.0 / 175.0) 
     Solute        Molecular Volume (A^3)=   439.569  ( 500.0 /2000.0)*
     Solute        vdW Polar SA (PSA)    =     0.000  (   7.0 / 200.0)*
     Solute        No. of Rotatable Bonds=     0.000  (   0.0 /  15.0) 
     Solute as Donor -    Hydrogen Bonds =     0.000  (   0.0 /   6.0) 
     Solute as Acceptor - Hydrogen Bonds =     0.000  (   2.0 /  20.0)*
     Solute Globularity   (Sphere = 1)   =     0.939  (  0.75 /  0.95) 
     Solute Ionization Potential (eV)    =     9.413  (   7.9 /  10.5) 
     Solute Electron Affinity    (eV)    =    -0.353  (  -0.9 /   1.7) 
 Predictions for Properties:
   QP Polarizability (Angstroms^3)       =    13.432  (  13.0 /  70.0) 
   QP log P  for     hexadecane/gas      =     3.872  (   4.0 /  18.0)*
   QP log P  for     octanol/gas         =     3.505  (   8.0 /  35.0)*
   QP log P  for     water/gas           =     0.954  (   4.0 /  45.0)*
   QP log P  for     octanol/water       =     2.730  (  -2.0 /   6.5) 
   QP log S  for   aqueous solubility    =    -2.218  (  -6.5 /   0.5) 
   QP log S - conformation independent   =    -2.392  (  -6.5 /   0.5) 
   QP log K hsa Serum Protein Binding    =    -0.106M (  -1.5 /   1.5) 
   QP log BB for     brain/blood         =     0.370  (  -3.0 /   1.2) 
   No. of Primary Metabolites            =         1  (   1.0 /   8.0) 
   Predicted CNS Activity (-- to ++)     =       + 
   HERG K+ Channel Blockage: log IC50    =    -3.517M (concern below -5)
   Apparent Caco-2 Permeability (nm/sec) =      9906  (<25 poor, >500 great)
   Apparent MDCK   Permeability (nm/sec) =      5899M (<25 poor, >500 great)
   QP log Kp for skin permeability       =    -0.784  (Kp in cm/hr)
   Jm, max transdermal transport rate    =    61.495  (micrograms/cm^2-hr)
   Lipinski Rule of 5 Violations         =         0  (maximum is 4)
   Jorgensen Rule of 3 Violations        =         0  (maximum is 3)
   % Human Oral Absorption in GI (+-20%) =       100  (<25% is poor)
   Qual. Model for Human Oral Absorption =      HIGH  (>80% is high)

       A * indicates a violation of the 95% range. # stars = 10
      An M indicates MW is outside training range.


       5 of   1712 molecules most similar to conf_1:
          Name                           Similarity(%)
Clomethiazole                                 87.66
Fomepizole                                    86.22
Methimazole                                   86.19
Pempidine                                     85.52
Phenylpropanol                                80.72

    QP Breakdown (< for descriptor over training max)
                log Po/w                    -log S
 H-bond Donor         0.000    H-bond Donor         0.000 
 H-bond Acceptor      0.000    H-bond Acceptor      0.000 
 Volume               5.203    SASA                 4.575 
 Ac x Dn^.5/SASA      0.000    Ac x Dn^.5/SASA      0.000 
 FISA                 0.000    Rotor Bonds          0.000 
 Non-con amines       0.000    N Protonation        0.000 
 Non-con amides       0.000    Non-con amides       0.000 
 WPSA & PISA          0.000    WPSA                 0.000 
 Constant            -2.623    Constant            -2.183 
 Total                2.580    Total                2.392


                log BB                    log PMDCK
 Hydrophilic SASA     0.000    Hydrophilic SASA     0.000 
 WPSA                 0.000    WPSA                 0.000 
 Rotor Bonds          0.000                         0.000 
 N Protonation        0.000    Non-con amines       0.000 
 FOSA                 0.178    COOH/SO3H acids      0.000 
 Constant             0.192    Constant             3.771
 Total                0.370    Total                3.771




       QikProp v8.2 (rel118) - Properties Predictions for
               conf_2                                  

 Primary Metabolites & Reactive FGs:
 > Metabolism likely: benzylic-like H -> alcohol

 Principal Descriptors:                             (Range 95% of Drugs)
     Solute        Molecular Weight      =    92.140  ( 130.0 / 725.0)*
     Solute        Dipole Moment (D)     =     0.418  (   1.0 /  12.5)*
     Solute        Total        SASA     =   297.797  ( 300.0 /1000.0)*
     Solute        Hydrophobic  SASA     =    88.951  (   0.0 / 750.0) 
     Solute        Hydrophilic  SASA     =     0.000  (   7.0 / 330.0)*
     Solute        Carbon Pi    SASA     =   208.845  (   0.0 / 450.0) 
     Solute        Weakly Polar SASA     =     0.000  (   0.0 / 175.0) 
     Solute        Molecular Volume (A^3)=   439.570  ( 500.0 /2000.0)*
     Solute        vdW Polar SA (PSA)    =     0.000  (   7.0 / 200.0)*
     Solute        No. of Rotatable Bonds=     0.000  (   0.0 /  15.0) 
     Solute as Donor -    Hydrogen Bonds =     0.000  (   0.0 /   6.0) 
     Solute as Acceptor - Hydrogen Bonds =     0.000  (   2.0 /  20.0)*
     Solute Globularity   (Sphere = 1)   =     0.939  (  0.75 /  0.95) 
     Solute Ionization Potential (eV)    =     9.413  (   7.9 /  10.5) 
     Solute Electron Affinity    (eV)    =    -0.353  (  -0.9 /   1.7) 
 Predictions for Properties:
   QP Polarizability (Angstroms^3)       =    13.432  (  13.0 /  70.0) 
   QP log P  for     hexadecane/gas      =     3.872  (   4.0 /  18.0)*
   QP log P  for     octanol/gas         =     3.505  (   8.0 /  35.0)*
   QP log P  for     water/gas           =     0.955  (   4.0 /  45.0)*
   QP log P  for     octanol/water       =     2.730  (  -2.0 /   6.5) 
   QP log S  for   aqueous solubility    =    -2.218  (  -6.5 /   0.5) 
   QP log S - conformation independent   =    -2.392  (  -6.5 /   0.5) 
   QP log K hsa Serum Protein Binding    =    -0.106M (  -1.5 /   1.5) 
   QP log BB for     brain/blood         =     0.370  (  -3.0 /   1.2) 
   No. of Primary Metabolites            =         1  (   1.0 /   8.0) 
   Predicted CNS Activity (-- to ++)     =       + 
   HERG K+ Channel Blockage: log IC50    =    -3.517M (concern below -5)
   Apparent Caco-2 Permeability (nm/sec) =      9906  (<25 poor, >500 great)
   Apparent MDCK   Permeability (nm/sec) =      5899M (<25 poor, >500 great)
   QP log Kp for skin permeability       =    -0.784  (Kp in cm/hr)
   Jm, max transdermal transport rate    =    61.495  (micrograms/cm^2-hr)
   Lipinski Rule of 5 Violations         =         0  (maximum is 4)
   Jorgensen Rule of 3 Violations        =         0  (maximum is 3)
   % Human Oral Absorption in GI (+-20%) =       100  (<25% is poor)
   Qual. Model for Human Oral Absorption =      HIGH  (>80% is high)

       A * indicates a violation of the 95% range. # stars = 10
      An M indicates MW is outside training range.


       5 of   1712 molecules most similar to conf_2:
          Name                           Similarity(%)
Clomethiazole                                 87.66
Fomepizole                                    86.22
Methimazole                                   86.19
Pempidine                                     85.52
Phenylpropanol                                80.72

    QP Breakdown (< for descriptor over training max)
                log Po/w                    -log S
 H-bond Donor         0.000    H-bond Donor         0.000 
 H-bond Acceptor      0.000    H-bond Acceptor      0.000 
 Volume               5.203    SASA                 4.575 
 Ac x Dn^.5/SASA      0.000    Ac x Dn^.5/SASA      0.000 
 FISA                 0.000    Rotor Bonds          0.000 
 Non-con amines       0.000    N Protonation        0.000 
 Non-con amides       0.000    Non-con amides       0.000 
 WPSA & PISA          0.000    WPSA                 0.000 
 Constant            -2.623    Constant            -2.183 
 Total                2.580    Total                2.392


                log BB                    log PMDCK
 Hydrophilic SASA     0.000    Hydrophilic SASA     0.000 
 WPSA                 0.000    WPSA                 0.000 
 Rotor Bonds          0.000                         0.000 
 N Protonation        0.000    Non-con amines       0.000 
 FOSA                 0.178    COOH/SO3H acids      0.000 
 Constant             0.192    Constant             3.771
 Total                0.370    Total                3.771




       QikProp v8.2 (rel118) - Properties Predictions for
               conf_3                                  

 Primary Metabolites & Reactive FGs:
 > Metabolism likely: benzylic-like H -> alcohol

 Principal Descriptors:                             (Range 95% of Drugs)
     Solute        Molecular Weight      =    92.140  ( 130.0 / 725.0)*
     Solute        Dipole Moment (D)     =     0.418  (   1.0 /  12.5)*
     Solute        Total        SASA     =   297.798  ( 300.0 /1000.0)*
     Solute        Hydrophobic  SASA     =    88.953  (   0.0 / 750.0) 
     Solute        Hydrophilic  SASA     =     0.000  (   7.0 / 330.0)*
     Solute        Carbon Pi    SASA     =   208.845  (   0.0 / 450.0) 
     Solute        Weakly Polar SASA     =     0.000  (   0.0 / 175.0) 
     Solute        Molecular Volume (A^3)=   439.571  ( 500.0 /2000.0)*
     Solute        vdW Polar SA (PSA)    =     0.000  (   7.0 / 200.0)*
     Solute        No. of Rotatable Bonds=     0.000  (   0.0 /  15.0) 
     Solute as Donor -    Hydrogen Bonds =     0.000  (   0.0 /   6.0) 
     Solute as Acceptor - Hydrogen Bonds =     0.000  (   2.0 /  20.0)*
     Solute Globularity   (Sphere = 1)   =     0.939  (  0.75 /  0.95) 
     Solute Ionization Potential (eV)    =     9.413  (   7.9 /  10.5) 
     Solute Electron Affinity    (eV)    =    -0.353  (  -0.9 /   1.7) 
 Predictions for Properties:
   QP Polarizability (Angstroms^3)       =    13.432  (  13.0 /  70.0) 
   QP log P  for     hexadecane/gas      =     3.872  (   4.0 /  18.0)*
   QP log P  for     octanol/gas         =     3.505  (   8.0 /  35.0)*
   QP log P  for     water/gas           =     0.955  (   4.0 /  45.0)*
   QP log P  for     octanol/water       =     2.730  (  -2.0 /   6.5) 
   QP log S  for   aqueous solubility    =    -2.218  (  -6.5 /   0.5) 
   QP log S - conformation independent   =    -2.392  (  -6.5 /   0.5) 
   QP log K hsa Serum Protein Binding    =    -0.106M (  -1.5 /   1.5) 
   QP log BB for     brain/blood         =     0.370  (  -3.0 /   1.2) 
   No. of Primary Metabolites            =         1  (   1.0 /   8.0) 
   Predicted CNS Activity (-- to ++)     =       + 
   HERG K+ Channel Blockage: log IC50    =    -3.517M (concern below -5)
   Apparent Caco-2 Permeability (nm/sec) =      9906  (<25 poor, >500 great)
   Apparent MDCK   Permeability (nm/sec) =      5899M (<25 poor, >500 great)
   QP log Kp for skin permeability       =    -0.784  (Kp in cm/hr)
   Jm, max transdermal transport rate    =    61.494  (micrograms/cm^2-hr)
   Lipinski Rule of 5 Violations         =         0  (maximum is 4)
   Jorgensen Rule of 3 Violations        =         0  (maximum is 3)
   % Human Oral Absorption in GI (+-20%) =       100  (<25% is poor)
   Qual. Model for Human Oral Absorption =      HIGH  (>80% is high)

       A * indicates a violation of the 95% range. # stars = 10
      An M indicates MW is outside training range.


       5 of   1712 molecules most similar to conf_3:
          Name                           Similarity(%)
Clomethiazole                                 87.66
Fomepizole                                    86.22
Methimazole                                   86.19
Pempidine                                     85.52
Phenylpropanol                                80.72

    QP Breakdown (< for descriptor over training max)
                log Po/w                    -log S
 H-bond Donor         0.000    H-bond Donor         0.000 
 H-bond Acceptor      0.000    H-bond Acceptor      0.000 
 Volume               5.203    SASA                 4.575 
 Ac x Dn^.5/SASA      0.000    Ac x Dn^.5/SASA      0.000 
 FISA                 0.000    Rotor Bonds          0.000 
 Non-con amines       0.000    N Protonation        0.000 
 Non-con amides       0.000    Non-con amides       0.000 
 WPSA & PISA          0.000    WPSA                 0.000 
 Constant            -2.623    Constant            -2.183 
 Total                2.580    Total                2.392


                log BB                    log PMDCK
 Hydrophilic SASA     0.000    Hydrophilic SASA     0.000 
 WPSA                 0.000    WPSA                 0.000 
 Rotor Bonds          0.000                         0.000 
 N Protonation        0.000    Non-con amines       0.000 
 FOSA                 0.178    COOH/SO3H acids      0.000 
 Constant             0.192    Constant             3.771
 Total                0.370    Total                3.771




       QikProp v8.2 (rel118) - Properties Predictions for
               conf_4                                  

 Primary Metabolites & Reactive FGs:
 > Metabolism likely: benzylic-like H -> alcohol

 Principal Descriptors:                             (Range 95% of Drugs)
     Solute        Molecular Weight      =    92.140  ( 130.0 / 725.0)*
     Solute        Dipole Moment (D)     =     0.418  (   1.0 /  12.5)*
     Solute        Total        SASA     =   297.799  ( 300.0 /1000.0)*
     Solute        Hydrophobic  SASA     =    88.954  (   0.0 / 750.0) 
     Solute        Hydrophilic  SASA     =     0.000  (   7.0 / 330.0)*
     Solute        Carbon Pi    SASA     =   208.845  (   0.0 / 450.0) 
     Solute        Weakly Polar SASA     =     0.000  (   0.0 / 175.0) 
     Solute        Molecular Volume (A^3)=   439.574  ( 500.0 /2000.0)*
     Solute        vdW Polar SA (PSA)    =     0.000  (   7.0 / 200.0)*
     Solute        No. of Rotatable Bonds=     0.000  (   0.0 /  15.0) 
     Solute as Donor -    Hydrogen Bonds =     0.000  (   0.0 /   6.0) 
     Solute as Acceptor - Hydrogen Bonds =     0.000  (   2.0 /  20.0)*
     Solute Globularity   (Sphere = 1)   =     0.939  (  0.75 /  0.95) 
     Solute Ionization Potential (eV)    =     9.413  (   7.9 /  10.5) 
     Solute Electron Affinity    (eV)    =    -0.353  (  -0.9 /   1.7) 
 Predictions for Properties:
   QP Polarizability (Angstroms^3)       =    13.432  (  13.0 /  70.0) 
   QP log P  for     hexadecane/gas      =     3.872  (   4.0 /  18.0)*
   QP log P  for     octanol/gas         =     3.505  (   8.0 /  35.0)*
   QP log P  for     water/gas           =     0.955  (   4.0 /  45.0)*
   QP log P  for     octanol/water       =     2.730  (  -2.0 /   6.5) 
   QP log S  for   aqueous solubility    =    -2.218  (  -6.5 /   0.5) 
   QP log S - conformation independent   =    -2.392  (  -6.5 /   0.5) 
   QP log K hsa Serum Protein Binding    =    -0.106M (  -1.5 /   1.5) 
   QP log BB for     brain/blood         =     0.370  (  -3.0 /   1.2) 
   No. of Primary Metabolites            =         1  (   1.0 /   8.0) 
   Predicted CNS Activity (-- to ++)     =       + 
   HERG K+ Channel Blockage: log IC50    =    -3.517M (concern below -5)
   Apparent Caco-2 Permeability (nm/sec) =      9906  (<25 poor, >500 great)
   Apparent MDCK   Permeability (nm/sec) =      5899M (<25 poor, >500 great)
   QP log Kp for skin permeability       =    -0.784  (Kp in cm/hr)
   Jm, max transdermal transport rate    =    61.490  (micrograms/cm^2-hr)
   Lipinski Rule of 5 Violations         =         0  (maximum is 4)
   Jorgensen Rule of 3 Violations        =         0  (maximum is 3)
   % Human Oral Absorption in GI (+-20%) =       100  (<25% is poor)
   Qual. Model for Human Oral Absorption =      HIGH  (>80% is high)

       A * indicates a violation of the 95% range. # stars = 10
      An M indicates MW is outside training range.


       5 of   1712 molecules most similar to conf_4:
          Name                           Similarity(%)
Clomethiazole                                 87.66
Fomepizole                                    86.22
Methimazole                                   86.19
Pempidine                                     85.52
Phenylpropanol                                80.72

    QP Breakdown (< for descriptor over training max)
                log Po/w                    -log S
 H-bond Donor         0.000    H-bond Donor         0.000 
 H-bond Acceptor      0.000    H-bond Acceptor      0.000 
 Volume               5.203    SASA                 4.575 
 Ac x Dn^.5/SASA      0.000    Ac x Dn^.5/SASA      0.000 
 FISA                 0.000    Rotor Bonds          0.000 
 Non-con amines       0.000    N Protonation        0.000 
 Non-con amides       0.000    Non-con amides       0.000 
 WPSA & PISA          0.000    WPSA                 0.000 
 Constant            -2.623    Constant            -2.183 
 Total                2.580    Total                2.392


                log BB                    log PMDCK
 Hydrophilic SASA     0.000    Hydrophilic SASA     0.000 
 WPSA                 0.000    WPSA                 0.000 
 Rotor Bonds          0.000                         0.000 
 N Protonation        0.000    Non-con amines       0.000 
 FOSA                 0.178    COOH/SO3H acids      0.000 
 Constant             0.192    Constant             3.771
 Total                0.370    Total                3.771




       QikProp v8.2 (rel118) - Properties Predictions for
               conf_5                                  

 Primary Metabolites & Reactive FGs:
 > Metabolism likely: benzylic-like H -> alcohol

 Principal Descriptors:                             (Range 95% of Drugs)
     Solute        Molecular Weight      =    92.140  ( 130.0 / 725.0)*
     Solute        Dipole Moment (D)     =     0.418  (   1.0 /  12.5)*
     Solute        Total        SASA     =   297.799  ( 300.0 /1000.0)*
     Solute        Hydrophobic  SASA     =    88.953  (   0.0 / 750.0) 
     Solute        Hydrophilic  SASA     =     0.000  (   7.0 / 330.0)*
     Solute        Carbon Pi    SASA     =   208.846  (   0.0 / 450.0) 
     Solute        Weakly Polar SASA     =     0.000  (   0.0 / 175.0) 
     Solute        Molecular Volume (A^3)=   439.573  ( 500.0 /2000.0)*
     Solute        vdW Polar SA (PSA)    =     0.000  (   7.0 / 200.0)*
     Solute        No. of Rotatable Bonds=     0.000  (   0.0 /  15.0) 
     Solute as Donor -    Hydrogen Bonds =     0.000  (   0.0 /   6.0) 
     Solute as Acceptor - Hydrogen Bonds =     0.000  (   2.0 /  20.0)*
     Solute Globularity   (Sphere = 1)   =     0.939  (  0.75 /  0.95) 
     Solute Ionization Potential (eV)    =     9.412  (   7.9 /  10.5) 
     Solute Electron Affinity    (eV)    =    -0.353  (  -0.9 /   1.7) 
 Predictions for Properties:
   QP Polarizability (Angstroms^3)       =    13.432  (  13.0 /  70.0) 
   QP log P  for     hexadecane/gas      =     3.872  (   4.0 /  18.0)*
   QP log P  for     octanol/gas         =     3.505  (   8.0 /  35.0)*
   QP log P  for     water/gas           =     0.955  (   4.0 /  45.0)*
   QP log P  for     octanol/water       =     2.730  (  -2.0 /   6.5) 
   QP log S  for   aqueous solubility    =    -2.218  (  -6.5 /   0.5) 
   QP log S - conformation independent   =    -2.392  (  -6.5 /   0.5) 
   QP log K hsa Serum Protein Binding    =    -0.106M (  -1.5 /   1.5) 
   QP log BB for     brain/blood         =     0.370  (  -3.0 /   1.2) 
   No. of Primary Metabolites            =         1  (   1.0 /   8.0) 
   Predicted CNS Activity (-- to ++)     =       + 
   HERG K+ Channel Blockage: log IC50    =    -3.517M (concern below -5)
   Apparent Caco-2 Permeability (nm/sec) =      9906  (<25 poor, >500 great)
   Apparent MDCK   Permeability (nm/sec) =      5899M (<25 poor, >500 great)
   QP log Kp for skin permeability       =    -0.784  (Kp in cm/hr)
   Jm, max transdermal transport rate    =    61.491  (micrograms/cm^2-hr)
   Lipinski Rule of 5 Violations         =         0  (maximum is 4)
   Jorgensen Rule of 3 Violations        =         0  (maximum is 3)
   % Human Oral Absorption in GI (+-20%) =       100  (<25% is poor)
   Qual. Model for Human Oral Absorption =      HIGH  (>80% is high)

       A * indicates a violation of the 95% range. # stars = 10
      An M indicates MW is outside training range.


       5 of   1712 molecules most similar to conf_5:
          Name                           Similarity(%)
Clomethiazole                                 87.66
Fomepizole                                    86.22
Methimazole                                   86.19
Pempidine                                     85.52
Phenylpropanol                                80.72

    QP Breakdown (< for descriptor over training max)
                log Po/w                    -log S
 H-bond Donor         0.000    H-bond Donor         0.000 
 H-bond Acceptor      0.000    H-bond Acceptor      0.000 
 Volume               5.203    SASA                 4.575 
 Ac x Dn^.5/SASA      0.000    Ac x Dn^.5/SASA      0.000 
 FISA                 0.000    Rotor Bonds          0.000 
 Non-con amines       0.000    N Protonation        0.000 
 Non-con amides       0.000    Non-con amides       0.000 
 WPSA & PISA          0.000    WPSA                 0.000 
 Constant            -2.623    Constant            -2.183 
 Total                2.580    Total                2.392


                log BB                    log PMDCK
 Hydrophilic SASA     0.000    Hydrophilic SASA     0.000 
 WPSA                 0.000    WPSA                 0.000 
 Rotor Bonds          0.000                         0.000 
 N Protonation        0.000    Non-con amines       0.000 
 FOSA                 0.178    COOH/SO3H acids      0.000 
 Constant             0.192    Constant             3.771
 Total                0.370    Total                3.771




       QikProp v8.2 (rel118) - Properties Predictions for
               conf_6                                  

 Primary Metabolites & Reactive FGs:
 > Metabolism likely: benzylic-like H -> alcohol

 Principal Descriptors:                             (Range 95% of Drugs)
     Solute        Molecular Weight      =    92.140  ( 130.0 / 725.0)*
     Solute        Dipole Moment (D)     =     0.418  (   1.0 /  12.5)*
     Solute        Total        SASA     =   297.799  ( 300.0 /1000.0)*
     Solute        Hydrophobic  SASA     =    88.954  (   0.0 / 750.0) 
     Solute        Hydrophilic  SASA     =     0.000  (   7.0 / 330.0)*
     Solute        Carbon Pi    SASA     =   208.845  (   0.0 / 450.0) 
     Solute        Weakly Polar SASA     =     0.000  (   0.0 / 175.0) 
     Solute        Molecular Volume (A^3)=   439.573  ( 500.0 /2000.0)*
     Solute        vdW Polar SA (PSA)    =     0.000  (   7.0 / 200.0)*
     Solute        No. of Rotatable Bonds=     0.000  (   0.0 /  15.0) 
     Solute as Donor -    Hydrogen Bonds =     0.000  (   0.0 /   6.0) 
     Solute as Acceptor - Hydrogen Bonds =     0.000  (   2.0 /  20.0)*
     Solute Globularity   (Sphere = 1)   =     0.939  (  0.75 /  0.95) 
     Solute Ionization Potential (eV)    =     9.412  (   7.9 /  10.5) 
     Solute Electron Affinity    (eV)    =    -0.353  (  -0.9 /   1.7) 
 Predictions for Properties:
   QP Polarizability (Angstroms^3)       =    13.432  (  13.0 /  70.0) 
   QP log P  for     hexadecane/gas      =     3.872  (   4.0 /  18.0)*
   QP log P  for     octanol/gas         =     3.505  (   8.0 /  35.0)*
   QP log P  for     water/gas           =     0.955  (   4.0 /  45.0)*
   QP log P  for     octanol/water       =     2.730  (  -2.0 /   6.5) 
   QP log S  for   aqueous solubility    =    -2.218  (  -6.5 /   0.5) 
   QP log S - conformation independent   =    -2.392  (  -6.5 /   0.5) 
   QP log K hsa Serum Protein Binding    =    -0.106M (  -1.5 /   1.5) 
   QP log BB for     brain/blood         =     0.370  (  -3.0 /   1.2) 
   No. of Primary Metabolites            =         1  (   1.0 /   8.0) 
   Predicted CNS Activity (-- to ++)     =       + 
   HERG K+ Channel Blockage: log IC50    =    -3.517M (concern below -5)
   Apparent Caco-2 Permeability (nm/sec) =      9906  (<25 poor, >500 great)
   Apparent MDCK   Permeability (nm/sec) =      5899M (<25 poor, >500 great)
   QP log Kp for skin permeability       =    -0.784  (Kp in cm/hr)
   Jm, max transdermal transport rate    =    61.491  (micrograms/cm^2-hr)
   Lipinski Rule of 5 Violations         =         0  (maximum is 4)
   Jorgensen Rule of 3 Violations        =         0  (maximum is 3)
   % Human Oral Absorption in GI (+-20%) =       100  (<25% is poor)
   Qual. Model for Human Oral Absorption =      HIGH  (>80% is high)

       A * indicates a violation of the 95% range. # stars = 10
      An M indicates MW is outside training range.


       5 of   1712 molecules most similar to conf_6:
          Name                           Similarity(%)
Clomethiazole                                 87.66
Fomepizole                                    86.22
Methimazole                                   86.19
Pempidine                                     85.52
Phenylpropanol                                80.72

    QP Breakdown (< for descriptor over training max)
                log Po/w                    -log S
 H-bond Donor         0.000    H-bond Donor         0.000 
 H-bond Acceptor      0.000    H-bond Acceptor      0.000 
 Volume               5.203    SASA                 4.575 
 Ac x Dn^.5/SASA      0.000    Ac x Dn^.5/SASA      0.000 
 FISA                 0.000    Rotor Bonds          0.000 
 Non-con amines       0.000    N Protonation        0.000 
 Non-con amides       0.000    Non-con amides       0.000 
 WPSA & PISA          0.000    WPSA                 0.000 
 Constant            -2.623    Constant            -2.183 
 Total                2.580    Total                2.392


                log BB                    log PMDCK
 Hydrophilic SASA     0.000    Hydrophilic SASA     0.000 
 WPSA                 0.000    WPSA                 0.000 
 Rotor Bonds          0.000                         0.000 
 N Protonation        0.000    Non-con amines       0.000 
 FOSA                 0.178    COOH/SO3H acids      0.000 
 Constant             0.192    Constant             3.771
 Total                0.370    Total                3.771




       QikProp v8.2 (rel118) - Properties Predictions for
               conf_7                                  

 Primary Metabolites & Reactive FGs:
 > Metabolism likely: benzylic-like H -> alcohol

 Principal Descriptors:                             (Range 95% of Drugs)
     Solute        Molecular Weight      =    92.140  ( 130.0 / 725.0)*
     Solute        Dipole Moment (D)     =     0.418  (   1.0 /  12.5)*
     Solute        Total        SASA     =   297.799  ( 300.0 /1000.0)*
     Solute        Hydrophobic  SASA     =    88.953  (   0.0 / 750.0) 
     Solute        Hydrophilic  SASA     =     0.000  (   7.0 / 330.0)*
     Solute        Carbon Pi    SASA     =   208.847  (   0.0 / 450.0) 
     Solute        Weakly Polar SASA     =     0.000  (   0.0 / 175.0) 
     Solute        Molecular Volume (A^3)=   439.574  ( 500.0 /2000.0)*
     Solute        vdW Polar SA (PSA)    =     0.000  (   7.0 / 200.0)*
     Solute        No. of Rotatable Bonds=     0.000  (   0.0 /  15.0) 
     Solute as Donor -    Hydrogen Bonds =     0.000  (   0.0 /   6.0) 
     Solute as Acceptor - Hydrogen Bonds =     0.000  (   2.0 /  20.0)*
     Solute Globularity   (Sphere = 1)   =     0.939  (  0.75 /  0.95) 
     Solute Ionization Potential (eV)    =     9.412  (   7.9 /  10.5) 
     Solute Electron Affinity    (eV)    =    -0.353  (  -0.9 /   1.7) 
 Predictions for Properties:
   QP Polarizability (Angstroms^3)       =    13.432  (  13.0 /  70.0) 
   QP log P  for     hexadecane/gas      =     3.872  (   4.0 /  18.0)*
   QP log P  for     octanol/gas         =     3.505  (   8.0 /  35.0)*
   QP log P  for     water/gas           =     0.955  (   4.0 /  45.0)*
   QP log P  for     octanol/water       =     2.730  (  -2.0 /   6.5) 
   QP log S  for   aqueous solubility    =    -2.218  (  -6.5 /   0.5) 
   QP log S - conformation independent   =    -2.392  (  -6.5 /   0.5) 
   QP log K hsa Serum Protein Binding    =    -0.106M (  -1.5 /   1.5) 
   QP log BB for     brain/blood         =     0.370  (  -3.0 /   1.2) 
   No. of Primary Metabolites            =         1  (   1.0 /   8.0) 
   Predicted CNS Activity (-- to ++)     =       + 
   HERG K+ Channel Blockage: log IC50    =    -3.517M (concern below -5)
   Apparent Caco-2 Permeability (nm/sec) =      9906  (<25 poor, >500 great)
   Apparent MDCK   Permeability (nm/sec) =      5899M (<25 poor, >500 great)
   QP log Kp for skin permeability       =    -0.784  (Kp in cm/hr)
   Jm, max transdermal transport rate    =    61.491  (micrograms/cm^2-hr)
   Lipinski Rule of 5 Violations         =         0  (maximum is 4)
   Jorgensen Rule of 3 Violations        =         0  (maximum is 3)
   % Human Oral Absorption in GI (+-20%) =       100  (<25% is poor)
   Qual. Model for Human Oral Absorption =      HIGH  (>80% is high)

       A * indicates a violation of the 95% range. # stars = 10
      An M indicates MW is outside training range.


       5 of   1712 molecules most similar to conf_7:
          Name                           Similarity(%)
Clomethiazole                                 87.66
Fomepizole                                    86.22
Methimazole                                   86.19
Pempidine                                     85.52
Phenylpropanol                                80.72

    QP Breakdown (< for descriptor over training max)
                log Po/w                    -log S
 H-bond Donor         0.000    H-bond Donor         0.000 
 H-bond Acceptor      0.000    H-bond Acceptor      0.000 
 Volume               5.203    SASA                 4.575 
 Ac x Dn^.5/SASA      0.000    Ac x Dn^.5/SASA      0.000 
 FISA                 0.000    Rotor Bonds          0.000 
 Non-con amines       0.000    N Protonation        0.000 
 Non-con amides       0.000    Non-con amides       0.000 
 WPSA & PISA          0.000    WPSA                 0.000 
 Constant            -2.623    Constant            -2.183 
 Total                2.580    Total                2.392


                log BB                    log PMDCK
 Hydrophilic SASA     0.000    Hydrophilic SASA     0.000 
 WPSA                 0.000    WPSA                 0.000 
 Rotor Bonds          0.000                         0.000 
 N Protonation        0.000    Non-con amines       0.000 
 FOSA                 0.178    COOH/SO3H acids      0.000 
 Constant             0.192    Constant             3.771
 Total                0.370    Total                3.771




       QikProp v8.2 (rel118) - Properties Predictions for
               conf_8                                  

 Primary Metabolites & Reactive FGs:
 > Metabolism likely: benzylic-like H -> alcohol

 Principal Descriptors:                             (Range 95% of Drugs)
     Solute        Molecular Weight      =    92.140  ( 130.0 / 725.0)*
     Solute        Dipole Moment (D)     =     0.418  (   1.0 /  12.5)*
     Solute        Total        SASA     =   297.799  ( 300.0 /1000.0)*
     Solute        Hydrophobic  SASA     =    88.951  (   0.0 / 750.0) 
     Solute        Hydrophilic  SASA     =     0.000  (   7.0 / 330.0)*
     Solute        Carbon Pi    SASA     =   208.848  (   0.0 / 450.0) 
     Solute        Weakly Polar SASA     =     0.000  (   0.0 / 175.0) 
     Solute        Molecular Volume (A^3)=   439.572  ( 500.0 /2000.0)*
     Solute        vdW Polar SA (PSA)    =     0.000  (   7.0 / 200.0)*
     Solute        No. of Rotatable Bonds=     0.000  (   0.0 /  15.0) 
     Solute as Donor -    Hydrogen Bonds =     0.000  (   0.0 /   6.0) 
     Solute as Acceptor - Hydrogen Bonds =     0.000  (   2.0 /  20.0)*
     Solute Globularity   (Sphere = 1)   =     0.939  (  0.75 /  0.95) 
     Solute Ionization Potential (eV)    =     9.413  (   7.9 /  10.5) 
     Solute Electron Affinity    (eV)    =    -0.353  (  -0.9 /   1.7) 
 Predictions for Properties:
   QP Polarizability (Angstroms^3)       =    13.432  (  13.0 /  70.0) 
   QP log P  for     hexadecane/gas      =     3.872  (   4.0 /  18.0)*
   QP log P  for     octanol/gas         =     3.505  (   8.0 /  35.0)*
   QP log P  for     water/gas           =     0.955  (   4.0 /  45.0)*
   QP log P  for     octanol/water       =     2.730  (  -2.0 /   6.5) 
   QP log S  for   aqueous solubility    =    -2.218  (  -6.5 /   0.5) 
   QP log S - conformation independent   =    -2.392  (  -6.5 /   0.5) 
   QP log K hsa Serum Protein Binding    =    -0.106M (  -1.5 /   1.5) 
   QP log BB for     brain/blood         =     0.370  (  -3.0 /   1.2) 
   No. of Primary Metabolites            =         1  (   1.0 /   8.0) 
   Predicted CNS Activity (-- to ++)     =       + 
   HERG K+ Channel Blockage: log IC50    =    -3.517M (concern below -5)
   Apparent Caco-2 Permeability (nm/sec) =      9906  (<25 poor, >500 great)
   Apparent MDCK   Permeability (nm/sec) =      5899M (<25 poor, >500 great)
   QP log Kp for skin permeability       =    -0.784  (Kp in cm/hr)
   Jm, max transdermal transport rate    =    61.493  (micrograms/cm^2-hr)
   Lipinski Rule of 5 Violations         =         0  (maximum is 4)
   Jorgensen Rule of 3 Violations        =         0  (maximum is 3)
   % Human Oral Absorption in GI (+-20%) =       100  (<25% is poor)
   Qual. Model for Human Oral Absorption =      HIGH  (>80% is high)

       A * indicates a violation of the 95% range. # stars = 10
      An M indicates MW is outside training range.


       5 of   1712 molecules most similar to conf_8:
          Name                           Similarity(%)
Clomethiazole                                 87.66
Fomepizole                                    86.22
Methimazole                                   86.19
Pempidine                                     85.52
Phenylpropanol                                80.72

    QP Breakdown (< for descriptor over training max)
                log Po/w                    -log S
 H-bond Donor         0.000    H-bond Donor         0.000 
 H-bond Acceptor      0.000    H-bond Acceptor      0.000 
 Volume               5.203    SASA                 4.575 
 Ac x Dn^.5/SASA      0.000    Ac x Dn^.5/SASA      0.000 
 FISA                 0.000    Rotor Bonds          0.000 
 Non-con amines       0.000    N Protonation        0.000 
 Non-con amides       0.000    Non-con amides       0.000 
 WPSA & PISA          0.000    WPSA                 0.000 
 Constant            -2.623    Constant            -2.183 
 Total                2.580    Total                2.392


                log BB                    log PMDCK
 Hydrophilic SASA     0.000    Hydrophilic SASA     0.000 
 WPSA                 0.000    WPSA                 0.000 
 Rotor Bonds          0.000                         0.000 
 N Protonation        0.000    Non-con amines       0.000 
 FOSA                 0.178    COOH/SO3H acids      0.000 
 Constant             0.192    Constant             3.771
 Total                0.370    Total                3.771




       QikProp v8.2 (rel118) - Properties Predictions for
               conf_9                                  

 Primary Metabolites & Reactive FGs:
 > Metabolism likely: benzylic-like H -> alcohol

 Principal Descriptors:                             (Range 95% of Drugs)
     Solute        Molecular Weight      =    92.140  ( 130.0 / 725.0)*
     Solute        Dipole Moment (D)     =     0.418  (   1.0 /  12.5)*
     Solute        Total        SASA     =   297.797  ( 300.0 /1000.0)*
     Solute        Hydrophobic  SASA     =    88.953  (   0.0 / 750.0) 
     Solute        Hydrophilic  SASA     =     0.000  (   7.0 / 330.0)*
     Solute        Carbon Pi    SASA     =   208.844  (   0.0 / 450.0) 
     Solute        Weakly Polar SASA     =     0.000  (   0.0 / 175.0) 
     Solute        Molecular Volume (A^3)=   439.571  ( 500.0 /2000.0)*
     Solute        vdW Polar SA (PSA)    =     0.000  (   7.0 / 200.0)*
     Solute        No. of Rotatable Bonds=     0.000  (   0.0 /  15.0) 
     Solute as Donor -    Hydrogen Bonds =     0.000  (   0.0 /   6.0) 
     Solute as Acceptor - Hydrogen Bonds =     0.000  (   2.0 /  20.0)*
     Solute Globularity   (Sphere = 1)   =     0.939  (  0.75 /  0.95) 
     Solute Ionization Potential (eV)    =     9.413  (   7.9 /  10.5) 
     Solute Electron Affinity    (eV)    =    -0.353  (  -0.9 /   1.7) 
 Predictions for Properties:
   QP Polarizability (Angstroms^3)       =    13.432  (  13.0 /  70.0) 
   QP log P  for     hexadecane/gas      =     3.872  (   4.0 /  18.0)*
   QP log P  for     octanol/gas         =     3.505  (   8.0 /  35.0)*
   QP log P  for     water/gas           =     0.955  (   4.0 /  45.0)*
   QP log P  for     octanol/water       =     2.730  (  -2.0 /   6.5) 
   QP log S  for   aqueous solubility    =    -2.218  (  -6.5 /   0.5) 
   QP log S - conformation independent   =    -2.392  (  -6.5 /   0.5) 
   QP log K hsa Serum Protein Binding    =    -0.106M (  -1.5 /   1.5) 
   QP log BB for     brain/blood         =     0.370  (  -3.0 /   1.2) 
   No. of Primary Metabolites            =         1  (   1.0 /   8.0) 
   Predicted CNS Activity (-- to ++)     =       + 
   HERG K+ Channel Blockage: log IC50    =    -3.517M (concern below -5)
   Apparent Caco-2 Permeability (nm/sec) =      9906  (<25 poor, >500 great)
   Apparent MDCK   Permeability (nm/sec) =      5899M (<25 poor, >500 great)
   QP log Kp for skin permeability       =    -0.784  (Kp in cm/hr)
   Jm, max transdermal transport rate    =    61.494  (micrograms/cm^2-hr)
   Lipinski Rule of 5 Violations         =         0  (maximum is 4)
   Jorgensen Rule of 3 Violations        =         0  (maximum is 3)
   % Human Oral Absorption in GI (+-20%) =       100  (<25% is poor)
   Qual. Model for Human Oral Absorption =      HIGH  (>80% is high)

       A * indicates a violation of the 95% range. # stars = 10
      An M indicates MW is outside training range.


       5 of   1712 molecules most similar to conf_9:
          Name                           Similarity(%)
Clomethiazole                                 87.66
Fomepizole                                    86.22
Methimazole                                   86.19
Pempidine                                     85.52
Phenylpropanol                                80.72

    QP Breakdown (< for descriptor over training max)
                log Po/w                    -log S
 H-bond Donor         0.000    H-bond Donor         0.000 
 H-bond Acceptor      0.000    H-bond Acceptor      0.000 
 Volume               5.203    SASA                 4.575 
 Ac x Dn^.5/SASA      0.000    Ac x Dn^.5/SASA      0.000 
 FISA                 0.000    Rotor Bonds          0.000 
 Non-con amines       0.000    N Protonation        0.000 
 Non-con amides       0.000    Non-con amides       0.000 
 WPSA & PISA          0.000    WPSA                 0.000 
 Constant            -2.623    Constant            -2.183 
 Total                2.580    Total                2.392


                log BB                    log PMDCK
 Hydrophilic SASA     0.000    Hydrophilic SASA     0.000 
 WPSA                 0.000    WPSA                 0.000 
 Rotor Bonds          0.000                         0.000 
 N Protonation        0.000    Non-con amines       0.000 
 FOSA                 0.178    COOH/SO3H acids      0.000 
 Constant             0.192    Constant             3.771
 Total                0.370    Total                3.771


 **      10 molecules were successfully processed,      0 failed         0 skipped **

Elapsed time(sec)  =    0.2

